<?xml version="1.0" encoding="UTF-8"?>
<!-- Generated by org.testng.reporters.JUnitReportReporter -->
<testsuite skipped="0" hostname="YSR" name="dady.NewTest1" tests="24" failures="0" timestamp="22 Jul 2018 07:25:12 GMT" time="116.889" errors="0">
  <testcase name="login" time="4.502" classname="dady.NewTest1"/>
  <testcase name="login" time="4.439" classname="dady.NewTest1"/>
  <testcase name="login" time="3.398" classname="dady.NewTest1"/>
  <testcase name="login" time="2.422" classname="dady.NewTest1"/>
  <testcase name="login" time="16.876" classname="dady.NewTest1"/>
  <testcase name="login" time="5.803" classname="dady.NewTest1"/>
  <testcase name="launch" time="11.513" classname="dady.NewTest1"/>
  <testcase name="launch" time="10.501" classname="dady.NewTest1"/>
  <testcase name="launch" time="10.063" classname="dady.NewTest1"/>
  <testcase name="launch" time="18.301" classname="dady.NewTest1"/>
  <testcase name="launch" time="9.153" classname="dady.NewTest1"/>
  <testcase name="launch" time="10.338" classname="dady.NewTest1"/>
  <testcase name="validate" time="0.021" classname="dady.NewTest1"/>
  <testcase name="validate" time="0.035" classname="dady.NewTest1"/>
  <testcase name="validate" time="0.032" classname="dady.NewTest1"/>
  <testcase name="validate" time="0.032" classname="dady.NewTest1"/>
  <testcase name="validate" time="0.035" classname="dady.NewTest1"/>
  <testcase name="validate" time="0.027" classname="dady.NewTest1"/>
  <testcase name="login1" time="0.202" classname="dady.NewTest1"/>
  <testcase name="login1" time="2.197" classname="dady.NewTest1"/>
  <testcase name="login1" time="2.190" classname="dady.NewTest1"/>
  <testcase name="login1" time="0.351" classname="dady.NewTest1"/>
  <testcase name="login1" time="2.196" classname="dady.NewTest1"/>
  <testcase name="login1" time="2.262" classname="dady.NewTest1"/>
</testsuite> <!-- dady.NewTest1 -->
